c:\users\naorp\onedrive\documents\github\tetris\debug\vc140.pdb
c:\users\naorp\onedrive\documents\github\tetris\debug\vc140.idb
c:\users\naorp\onedrive\documents\github\tetris\debug\bomb.obj
c:\users\naorp\onedrive\documents\github\tetris\debug\gotoxy.obj
c:\users\naorp\onedrive\documents\github\tetris\debug\joker.obj
c:\users\naorp\onedrive\documents\github\tetris\debug\line.obj
c:\users\naorp\onedrive\documents\github\tetris\debug\lshape.obj
c:\users\naorp\onedrive\documents\github\tetris\debug\main.obj
c:\users\naorp\onedrive\documents\github\tetris\debug\plus.obj
c:\users\naorp\onedrive\documents\github\tetris\debug\point.obj
c:\users\naorp\onedrive\documents\github\tetris\debug\shape.obj
c:\users\naorp\onedrive\documents\github\tetris\debug\special.obj
c:\users\naorp\onedrive\documents\github\tetris\debug\square.obj
c:\users\naorp\onedrive\documents\github\tetris\debug\tetrisgame.obj
c:\users\naorp\onedrive\documents\github\tetris\debug\topboard.obj
c:\users\naorp\onedrive\documents\github\tetris\debug\zshape.obj
c:\users\naorp\onedrive\documents\github\tetris\debug\board.obj
c:\users\naorp\onedrive\documents\github\tetris\debug\tetris.ilk
c:\users\naorp\onedrive\documents\github\tetris\debug\tetris.exe
c:\users\naorp\onedrive\documents\github\tetris\debug\tetris.pdb
c:\users\naorp\onedrive\documents\github\tetris\debug\tetris.tlog\cl.command.1.tlog
c:\users\naorp\onedrive\documents\github\tetris\debug\tetris.tlog\cl.read.1.tlog
c:\users\naorp\onedrive\documents\github\tetris\debug\tetris.tlog\cl.write.1.tlog
c:\users\naorp\onedrive\documents\github\tetris\debug\tetris.tlog\link.command.1.tlog
c:\users\naorp\onedrive\documents\github\tetris\debug\tetris.tlog\link.read.1.tlog
c:\users\naorp\onedrive\documents\github\tetris\debug\tetris.tlog\link.write.1.tlog
